<?xml version="1.0" encoding="UTF-8"?>
<!-- Generated by org.testng.reporters.JUnitReportReporter -->
<testsuite skipped="0" hostname="BDC11-L-JVXCNN2" name="BP.SISP.Portal.PortalTests.TC003_RequestAdditionalVenderNumber" tests="2" failures="0" timestamp="31 Oct 2018 06:10:25 GMT" time="38.594" errors="0">
  <testcase name="TestLogin" time="29.223" classname="BP.SISP.Portal.PortalTests.TC003_RequestAdditionalVenderNumber"/>
  <testcase name="ClickOnRequestAdditionalInfo" time="9.371" classname="BP.SISP.Portal.PortalTests.TC003_RequestAdditionalVenderNumber"/>
</testsuite> <!-- BP.SISP.Portal.PortalTests.TC003_RequestAdditionalVenderNumber -->
