<?xml version="1.0" encoding="UTF-8"?>
<!-- Generated by org.testng.reporters.JUnitReportReporter -->
<testsuite skipped="0" hostname="BDC11-L-JVXCNN2" name="BP.SISP.Portal.PortalTests.TC006_CheckSuppliersInvoiceStatus" tests="2" failures="0" timestamp="31 Oct 2018 06:10:25 GMT" time="29.656" errors="0">
  <testcase name="TestLogin" time="23.051" classname="BP.SISP.Portal.PortalTests.TC006_CheckSuppliersInvoiceStatus"/>
  <testcase name="SearchInvoice" time="6.605" classname="BP.SISP.Portal.PortalTests.TC006_CheckSuppliersInvoiceStatus"/>
</testsuite> <!-- BP.SISP.Portal.PortalTests.TC006_CheckSuppliersInvoiceStatus -->
