<?xml version="1.0" encoding="UTF-8"?>
<!-- Generated by org.testng.reporters.JUnitReportReporter -->
<testsuite skipped="0" hostname="BDC11-L-JVXCNN2" name="BP.SISP.Portal.PortalTests.TC007_ForgotPassword" tests="3" failures="0" timestamp="31 Oct 2018 06:10:25 GMT" time="15.438" errors="0">
  <testcase name="WelcomePage" time="8.396" classname="BP.SISP.Portal.PortalTests.TC007_ForgotPassword"/>
  <testcase name="ForgotPassword" time="2.312" classname="BP.SISP.Portal.PortalTests.TC007_ForgotPassword"/>
  <testcase name="ResetLoginDetails" time="4.730" classname="BP.SISP.Portal.PortalTests.TC007_ForgotPassword"/>
</testsuite> <!-- BP.SISP.Portal.PortalTests.TC007_ForgotPassword -->
