<?xml version="1.0" encoding="UTF-8"?>
<!-- Generated by org.testng.reporters.JUnitReportReporter -->
<testsuite skipped="0" hostname="BDC11-L-JVXCNN2" name="BP.SISP.Portal.PortalTests.TC005_NavigateToSettingsAndCheckMenus" tests="2" failures="0" timestamp="31 Oct 2018 06:10:25 GMT" time="42.145" errors="0">
  <testcase name="TestLogin" time="26.456" classname="BP.SISP.Portal.PortalTests.TC005_NavigateToSettingsAndCheckMenus"/>
  <testcase name="CheckSettingsPage" time="15.689" classname="BP.SISP.Portal.PortalTests.TC005_NavigateToSettingsAndCheckMenus"/>
</testsuite> <!-- BP.SISP.Portal.PortalTests.TC005_NavigateToSettingsAndCheckMenus -->
