<?xml version="1.0" encoding="UTF-8"?>
<!-- Generated by org.testng.reporters.JUnitReportReporter -->
<testsuite skipped="0" hostname="BDC11-L-JVXCNN2" name="AssertionsDemo.AssertionsDemo" tests="2" failures="0" timestamp="14 Sep 2018 11:00:39 GMT" time="6.215" errors="0">
  <testcase name="check1" time="0.021" classname="AssertionsDemo.AssertionsDemo"/>
  <testcase name="check" time="6.194" classname="AssertionsDemo.AssertionsDemo"/>
</testsuite> <!-- AssertionsDemo.AssertionsDemo -->
