<?xml version="1.0" encoding="UTF-8"?>
<!-- Generated by org.testng.reporters.JUnitReportReporter -->
<testsuite skipped="0" hostname="BDC11-L-JVXCNN2" name="BP.SISP.Portal.PortalTests.TC001_UserSignIn" tests="1" failures="0" timestamp="31 Oct 2018 06:10:25 GMT" time="28.196" errors="0">
  <testcase name="TestLogin" time="28.196" classname="BP.SISP.Portal.PortalTests.TC001_UserSignIn"/>
</testsuite> <!-- BP.SISP.Portal.PortalTests.TC001_UserSignIn -->
