<?xml version="1.0" encoding="UTF-8"?>
<!-- Generated by org.testng.reporters.JUnitReportReporter -->
<testsuite skipped="0" hostname="BDC11-L-JVXCNN2" name="BP.SISP.Portal.PortalTests.TC001_CheckSuppliersInvoiceStatus" tests="2" failures="0" timestamp="24 Oct 2018 06:35:06 GMT" time="53.917" errors="0">
  <testcase name="TestLogin" time="45.060" classname="BP.SISP.Portal.PortalTests.TC001_CheckSuppliersInvoiceStatus"/>
  <testcase name="SearchInvoice" time="8.857" classname="BP.SISP.Portal.PortalTests.TC001_CheckSuppliersInvoiceStatus"/>
</testsuite> <!-- BP.SISP.Portal.PortalTests.TC001_CheckSuppliersInvoiceStatus -->
