<?xml version="1.0" encoding="UTF-8"?>
<!-- Generated by org.testng.reporters.JUnitReportReporter -->
<testsuite skipped="0" hostname="BDC11-L-JVXCNN2" name="BP.SISP.Portal.PortalTests.TC002_CheckRefrenceMaterials" tests="2" failures="0" timestamp="31 Oct 2018 06:10:25 GMT" time="33.468" errors="0">
  <testcase name="TestLogin" time="29.954" classname="BP.SISP.Portal.PortalTests.TC002_CheckRefrenceMaterials"/>
  <testcase name="ClickOnReferenceMaterial" time="3.514" classname="BP.SISP.Portal.PortalTests.TC002_CheckRefrenceMaterials"/>
</testsuite> <!-- BP.SISP.Portal.PortalTests.TC002_CheckRefrenceMaterials -->
