<?xml version="1.0" encoding="UTF-8"?>
<!-- Generated by org.testng.reporters.JUnitReportReporter -->
<testsuite skipped="0" hostname="BDC11-L-JVXCNN2" name="BP.SISP.Portal.PortalTests.TC008_RegistrationScenario" tests="4" failures="0" timestamp="31 Oct 2018 06:10:25 GMT" time="25.662" errors="0">
  <testcase name="WelcomePage" time="7.572" classname="BP.SISP.Portal.PortalTests.TC008_RegistrationScenario"/>
  <testcase name="Register" time="2.199" classname="BP.SISP.Portal.PortalTests.TC008_RegistrationScenario"/>
  <testcase name="LegalNoticeTab" time="8.177" classname="BP.SISP.Portal.PortalTests.TC008_RegistrationScenario"/>
  <testcase name="SupplierRegistration" time="7.714" classname="BP.SISP.Portal.PortalTests.TC008_RegistrationScenario"/>
</testsuite> <!-- BP.SISP.Portal.PortalTests.TC008_RegistrationScenario -->
