<?xml version="1.0" encoding="UTF-8"?>
<!-- Generated by org.testng.reporters.JUnitReportReporter -->
<testsuite skipped="0" hostname="BDC11-L-JVXCNN2" name="parallelTest.CrossBrowserScript" tests="1" failures="0" timestamp="26 Sep 2018 13:52:42 GMT" time="38.823" errors="0">
  <testcase name="testParameterWithXML" time="38.823" classname="parallelTest.CrossBrowserScript"/>
</testsuite> <!-- parallelTest.CrossBrowserScript -->
